<?xml version="1.0" encoding="UTF-8"?>
<!-- Generated by org.testng.reporters.JUnitReportReporter -->
<testsuite hostname="IN-PG02P5RB" failures="0" tests="5" name="runner.runner" time="83.180" errors="0" timestamp="03 Jun 2022 17:18:50 GMT" skipped="0">
  <testcase classname="runner.runner" name="feature" time="17.324"/>
  <testcase classname="runner.runner" name="feature" time="26.273"/>
  <testcase classname="runner.runner" name="feature" time="9.249"/>
  <testcase classname="runner.runner" name="feature" time="15.901"/>
  <testcase classname="runner.runner" name="feature" time="14.433"/>
</testsuite> <!-- runner.runner -->
